<?xml version="1.0" encoding="UTF-8"?>
<!-- Generated by org.testng.reporters.JUnitXMLReporter -->
<testsuite ignored="0" hostname="LAPTOP-L9RJK20B" failures="0" tests="4" name="Default test" time="32.497" errors="0" timestamp="2022-04-17T22:14:19 IST">
  <testcase classname="learning.ForgotPasswordPageTest" name="clickForgotPassword" time="3.399"/>
  <testcase classname="learning.ForgotPasswordPageTest" name="validateBackButton" time="6.378"/>
  <testcase classname="learning.ForgotPasswordPageTest" name="validateCorrectEmail" time="7.756"/>
  <testcase classname="learning.ForgotPasswordPageTest" name="validateEmailAddress" time="3.606"/>
</testsuite> <!-- Default test -->
