<?xml version="1.0" encoding="UTF-8"?>
<!-- Generated by org.testng.reporters.JUnitXMLReporter -->
<testsuite ignored="0" hostname="LAPTOP-L9RJK20B" failures="0" tests="5" name="validateLoginPage" time="34.569" errors="0" timestamp="2022-04-17T19:15:15 IST">
  <testcase classname="learning.LoginPageTest" name="loginTest" time="13.957"/>
  <testcase classname="learning.LoginPageTest" name="validateEmail" time="3.492"/>
  <testcase classname="learning.LoginPageTest" name="validateEmptyPassword" time="3.16"/>
  <testcase classname="learning.LoginPageTest" name="validateEmptylogin" time="3.609"/>
  <testcase classname="learning.LoginPageTest" name="validatePassword" time="6.974"/>
</testsuite> <!-- validateLoginPage -->
