<?xml version="1.0" encoding="UTF-8"?>
<!-- Generated by org.testng.reporters.JUnitXMLReporter -->
<testsuite ignored="0" hostname="LAPTOP-L9RJK20B" failures="0" tests="4" name="validateForgotPasswordPage" time="31.052" errors="0" timestamp="2022-04-17T19:15:12 IST">
  <testcase classname="learning.ForgotPasswordPageTest" name="clickForgotPassword" time="3.445"/>
  <testcase classname="learning.ForgotPasswordPageTest" name="validateBackButton" time="6.164"/>
  <testcase classname="learning.ForgotPasswordPageTest" name="validateCorrectEmail" time="8.363"/>
  <testcase classname="learning.ForgotPasswordPageTest" name="validateEmailAddress" time="3.882"/>
</testsuite> <!-- validateForgotPasswordPage -->
