<?xml version="1.0" encoding="UTF-8"?>
<testng-results ignored="0" total="4" passed="4" failed="0" skipped="0">
  <reporter-output>
  </reporter-output>
  <suite started-at="2022-04-17T22:13:47 IST" name="Default suite" finished-at="2022-04-17T22:14:19 IST" duration-ms="32497">
    <groups>
    </groups>
    <test started-at="2022-04-17T22:13:47 IST" name="Default test" finished-at="2022-04-17T22:14:19 IST" duration-ms="32497">
      <class name="learning.ForgotPasswordPageTest">
        <test-method is-config="true" signature="setup()[pri:0, instance:learning.ForgotPasswordPageTest@12aba8be]" started-at="2022-04-17T22:13:47 IST" name="setup" finished-at="2022-04-17T22:13:58 IST" duration-ms="11302" status="PASS">
          <reporter-output>
          </reporter-output>
        </test-method> <!-- setup -->
        <test-method signature="clickForgotPassword()[pri:0, instance:learning.ForgotPasswordPageTest@12aba8be]" started-at="2022-04-17T22:13:58 IST" name="clickForgotPassword" finished-at="2022-04-17T22:14:01 IST" duration-ms="3399" status="PASS">
          <reporter-output>
          </reporter-output>
        </test-method> <!-- clickForgotPassword -->
        <test-method signature="validateBackButton()[pri:0, instance:learning.ForgotPasswordPageTest@12aba8be]" started-at="2022-04-17T22:14:01 IST" name="validateBackButton" finished-at="2022-04-17T22:14:08 IST" duration-ms="6378" status="PASS">
          <reporter-output>
          </reporter-output>
        </test-method> <!-- validateBackButton -->
        <test-method signature="validateCorrectEmail()[pri:0, instance:learning.ForgotPasswordPageTest@12aba8be]" started-at="2022-04-17T22:14:08 IST" name="validateCorrectEmail" finished-at="2022-04-17T22:14:15 IST" duration-ms="7756" status="PASS">
          <reporter-output>
          </reporter-output>
        </test-method> <!-- validateCorrectEmail -->
        <test-method signature="validateEmailAddress()[pri:0, instance:learning.ForgotPasswordPageTest@12aba8be]" started-at="2022-04-17T22:14:15 IST" name="validateEmailAddress" finished-at="2022-04-17T22:14:19 IST" duration-ms="3606" status="PASS">
          <reporter-output>
          </reporter-output>
        </test-method> <!-- validateEmailAddress -->
        <test-method is-config="true" signature="tearDown()[pri:0, instance:learning.ForgotPasswordPageTest@12aba8be]" started-at="2022-04-17T22:14:19 IST" name="tearDown" finished-at="2022-04-17T22:14:19 IST" duration-ms="0" status="PASS">
          <reporter-output>
          </reporter-output>
        </test-method> <!-- tearDown -->
      </class> <!-- learning.ForgotPasswordPageTest -->
    </test> <!-- Default test -->
  </suite> <!-- Default suite -->
</testng-results>
